{"level":"info","message":"Hello World!","service":"ms-project","timestamp":"2026-02-02T13:28:31.970Z"}
{"level":"info","message":"::1 - - [02/Feb/2026:13:28:32 +0000] \"GET / HTTP/1.1\" 304 - \"-\" \"Mozilla/5.0 (Windows NT 10.0; Win64; x64) AppleWebKit/537.36 (KHTML, like Gecko) Chrome/144.0.0.0 Safari/537.36\"","service":"ms-project","timestamp":"2026-02-02T13:28:32.299Z"}
{"level":"info","message":"Hello World!","service":"ms-project","timestamp":"2026-02-02T13:35:02.127Z"}
{"level":"info","message":"::1 - - [02/Feb/2026:13:35:02 +0000] \"GET / HTTP/1.1\" 304 - \"-\" \"Mozilla/5.0 (Windows NT 10.0; Win64; x64) AppleWebKit/537.36 (KHTML, like Gecko) Chrome/144.0.0.0 Safari/537.36\"","service":"ms-project","timestamp":"2026-02-02T13:35:02.188Z"}
{"level":"info","message":"API check","service":"ms-project","timestamp":"2026-02-02T13:35:10.714Z"}
{"level":"info","message":"::1 - - [02/Feb/2026:13:35:10 +0000] \"GET /api HTTP/1.1\" 200 28 \"-\" \"Mozilla/5.0 (Windows NT 10.0; Win64; x64) AppleWebKit/537.36 (KHTML, like Gecko) Chrome/144.0.0.0 Safari/537.36\"","service":"ms-project","timestamp":"2026-02-02T13:35:10.788Z"}
{"level":"info","message":"Health check","service":"ms-project","timestamp":"2026-02-02T13:35:22.716Z"}
{"level":"info","message":"::1 - - [02/Feb/2026:13:35:22 +0000] \"GET /health HTTP/1.1\" 200 74 \"-\" \"Mozilla/5.0 (Windows NT 10.0; Win64; x64) AppleWebKit/537.36 (KHTML, like Gecko) Chrome/144.0.0.0 Safari/537.36\"","service":"ms-project","timestamp":"2026-02-02T13:35:22.725Z"}
{"level":"info","message":"::1 - - [02/Feb/2026:14:44:25 +0000] \"GET /favicon.ico HTTP/1.1\" 404 150 \"-\" \"Mozilla/5.0 (Windows NT 10.0; Win64; x64) AppleWebKit/537.36 (KHTML, like Gecko) Chrome/144.0.0.0 Safari/537.36\"","service":"ms-project","timestamp":"2026-02-02T14:44:25.294Z"}
{"level":"info","message":"Hello World!","service":"ms-project","timestamp":"2026-02-02T15:19:05.779Z"}
{"level":"info","message":"::1 - - [02/Feb/2026:15:19:05 +0000] \"GET / HTTP/1.1\" 200 12 \"-\" \"Mozilla/5.0 (Windows NT 10.0; Win64; x64) AppleWebKit/537.36 (KHTML, like Gecko) Chrome/144.0.0.0 Safari/537.36\"","service":"ms-project","timestamp":"2026-02-02T15:19:05.840Z"}
{"level":"info","message":"::1 - - [02/Feb/2026:15:19:08 +0000] \"GET /favicon.ico HTTP/1.1\" 404 150 \"-\" \"Mozilla/5.0 (Windows NT 10.0; Win64; x64) AppleWebKit/537.36 (KHTML, like Gecko) Chrome/144.0.0.0 Safari/537.36\"","service":"ms-project","timestamp":"2026-02-02T15:19:08.215Z"}
{"level":"info","message":"::1 - - [02/Feb/2026:15:19:17 +0000] \"POST /api/auth/sign-in HTTP/1.1\" 404 156 \"-\" \"PostmanRuntime/7.51.1\"","service":"ms-project","timestamp":"2026-02-02T15:19:17.846Z"}
{"email":"alice@test.com","level":"info","message":"Creating user","name":"Alice","role":"user","service":"ms-project","timestamp":"2026-02-02T15:19:33.986Z"}
{"level":"error","message":"Error signing up User.create is not a function","service":"ms-project","stack":"TypeError: User.create is not a function\n    at exports.signUp (F:\\m_s_p\\src\\controllers\\auth.controller.js:16:33)\n    at Layer.handleRequest (F:\\m_s_p\\node_modules\\router\\lib\\layer.js:152:17)\n    at next (F:\\m_s_p\\node_modules\\router\\lib\\route.js:157:13)\n    at Route.dispatch (F:\\m_s_p\\node_modules\\router\\lib\\route.js:117:3)\n    at handle (F:\\m_s_p\\node_modules\\router\\index.js:435:11)\n    at Layer.handleRequest (F:\\m_s_p\\node_modules\\router\\lib\\layer.js:152:17)\n    at F:\\m_s_p\\node_modules\\router\\index.js:295:15\n    at processParams (F:\\m_s_p\\node_modules\\router\\index.js:582:12)\n    at next (F:\\m_s_p\\node_modules\\router\\index.js:291:5)\n    at Function.handle (F:\\m_s_p\\node_modules\\router\\index.js:186:3)","timestamp":"2026-02-02T15:19:33.988Z"}
{"level":"info","message":"::1 - - [02/Feb/2026:15:19:33 +0000] \"POST /api/auth/sign-up HTTP/1.1\" 500 970 \"-\" \"PostmanRuntime/7.51.1\"","service":"ms-project","timestamp":"2026-02-02T15:19:33.998Z"}
{"level":"info","message":"::1 - - [02/Feb/2026:15:20:38 +0000] \"POST /api/auth/sign-up%20 HTTP/1.1\" 404 159 \"-\" \"PostmanRuntime/7.51.1\"","service":"ms-project","timestamp":"2026-02-02T15:20:38.992Z"}
{"level":"info","message":"::1 - - [02/Feb/2026:15:21:32 +0000] \"POST /api/auth/sign-up%20 HTTP/1.1\" 404 159 \"-\" \"PostmanRuntime/7.51.1\"","service":"ms-project","timestamp":"2026-02-02T15:21:32.367Z"}
{"email":"alice@test.com","level":"info","message":"Creating user","name":"Alice","role":"user","service":"ms-project","timestamp":"2026-02-02T15:21:40.528Z"}
{"level":"info","message":"User created successfully","service":"ms-project","timestamp":"2026-02-02T15:21:40.529Z","user":{"createdAt":"2026-02-02T15:21:40.529Z","email":"alice@test.com","id":1,"name":"Alice","role":"user","updatedAt":"2026-02-02T15:21:40.529Z"}}
{"level":"info","message":"::1 - - [02/Feb/2026:15:21:40 +0000] \"POST /api/auth/sign-up HTTP/1.1\" 201 109 \"-\" \"PostmanRuntime/7.51.1\"","service":"ms-project","timestamp":"2026-02-02T15:21:40.534Z"}
{"level":"info","message":"Health check","service":"ms-project","timestamp":"2026-02-02T15:37:30.011Z"}
{"level":"info","message":"::1 - - [02/Feb/2026:15:37:30 +0000] \"GET /health HTTP/1.1\" 200 74 \"-\" \"Mozilla/5.0 (Windows NT; Windows NT 10.0; en-US) WindowsPowerShell/5.1.19041.6456\"","service":"ms-project","timestamp":"2026-02-02T15:37:30.042Z"}
{"email":"alice@test.com","level":"info","message":"Creating user","name":"Alice","role":"admin","service":"ms-project","timestamp":"2026-02-02T15:42:45.194Z"}
{"level":"info","message":"User created successfully alice@test.com","service":"ms-project","timestamp":"2026-02-02T15:42:48.082Z"}
{"level":"error","message":"Error signing up cookies is not defined","service":"ms-project","stack":"ReferenceError: cookies is not defined\n    at exports.signUp (F:\\m_s_p\\src\\controllers\\auth.controller.js:21:9)\n    at process.processTicksAndRejections (node:internal/process/task_queues:105:5)","timestamp":"2026-02-02T15:42:48.094Z"}
{"level":"info","message":"::1 - - [02/Feb/2026:15:42:48 +0000] \"POST /api/auth/sign-up HTTP/1.1\" 500 347 \"-\" \"PostmanRuntime/7.51.1\"","service":"ms-project","timestamp":"2026-02-02T15:42:48.106Z"}
{"email":"alice@test.com","level":"info","message":"Creating user","name":"Alice","role":"admin","service":"ms-project","timestamp":"2026-02-02T15:43:22.717Z"}
{"level":"error","message":"Error creating user User with this email already exits","service":"ms-project","stack":"Error: User with this email already exits\n    at createUser (F:\\m_s_p\\src\\services\\auth.service.js:33:19)\n    at process.processTicksAndRejections (node:internal/process/task_queues:105:5)\n    at async exports.signUp (F:\\m_s_p\\src\\controllers\\auth.controller.js:20:25)","timestamp":"2026-02-02T15:43:23.838Z"}
{"level":"error","message":"Error signing up User with this email already exits","service":"ms-project","stack":"Error: User with this email already exits\n    at createUser (F:\\m_s_p\\src\\services\\auth.service.js:33:19)\n    at process.processTicksAndRejections (node:internal/process/task_queues:105:5)\n    at async exports.signUp (F:\\m_s_p\\src\\controllers\\auth.controller.js:20:25)","timestamp":"2026-02-02T15:43:23.840Z"}
{"level":"info","message":"::1 - - [02/Feb/2026:15:43:23 +0000] \"POST /api/auth/sign-up HTTP/1.1\" 409 31 \"-\" \"PostmanRuntime/7.51.1\"","service":"ms-project","timestamp":"2026-02-02T15:43:23.847Z"}
{"email":"alice2@test.com","level":"info","message":"Creating user","name":"Alice","role":"admin","service":"ms-project","timestamp":"2026-02-02T15:43:33.802Z"}
{"level":"info","message":"User created successfully alice2@test.com","service":"ms-project","timestamp":"2026-02-02T15:43:34.887Z"}
{"level":"error","message":"Error signing up cookies.set is not a function","service":"ms-project","stack":"TypeError: cookies.set is not a function\n    at exports.signUp (F:\\m_s_p\\src\\controllers\\auth.controller.js:22:17)\n    at process.processTicksAndRejections (node:internal/process/task_queues:105:5)","timestamp":"2026-02-02T15:43:34.893Z"}
{"level":"info","message":"::1 - - [02/Feb/2026:15:43:34 +0000] \"POST /api/auth/sign-up HTTP/1.1\" 500 350 \"-\" \"PostmanRuntime/7.51.1\"","service":"ms-project","timestamp":"2026-02-02T15:43:34.896Z"}
{"email":"alice2@test.com","level":"info","message":"Creating user","name":"Alice","role":"admin","service":"ms-project","timestamp":"2026-02-02T15:44:19.252Z"}
{"level":"error","message":"Error creating user User with this email already exits","service":"ms-project","stack":"Error: User with this email already exits\n    at createUser (F:\\m_s_p\\src\\services\\auth.service.js:33:19)\n    at process.processTicksAndRejections (node:internal/process/task_queues:105:5)\n    at async exports.signUp (F:\\m_s_p\\src\\controllers\\auth.controller.js:20:25)","timestamp":"2026-02-02T15:44:20.923Z"}
{"level":"error","message":"Error signing up User with this email already exits","service":"ms-project","stack":"Error: User with this email already exits\n    at createUser (F:\\m_s_p\\src\\services\\auth.service.js:33:19)\n    at process.processTicksAndRejections (node:internal/process/task_queues:105:5)\n    at async exports.signUp (F:\\m_s_p\\src\\controllers\\auth.controller.js:20:25)","timestamp":"2026-02-02T15:44:20.925Z"}
{"level":"info","message":"::1 - - [02/Feb/2026:15:44:20 +0000] \"POST /api/auth/sign-up HTTP/1.1\" 409 31 \"-\" \"PostmanRuntime/7.51.1\"","service":"ms-project","timestamp":"2026-02-02T15:44:20.931Z"}
{"email":"alice3@test.com","level":"info","message":"Creating user","name":"Alice","role":"admin","service":"ms-project","timestamp":"2026-02-02T15:44:30.776Z"}
{"level":"info","message":"User created successfully alice3@test.com","service":"ms-project","timestamp":"2026-02-02T15:44:31.790Z"}
{"level":"error","message":"Error signing up this.getOptions is not a function","service":"ms-project","stack":"TypeError: this.getOptions is not a function\n    at Object.setCookie (F:\\m_s_p\\src\\utils\\cookies.js:11:43)\n    at exports.signUp (F:\\m_s_p\\src\\controllers\\auth.controller.js:22:17)\n    at process.processTicksAndRejections (node:internal/process/task_queues:105:5)","timestamp":"2026-02-02T15:44:31.797Z"}
{"level":"info","message":"::1 - - [02/Feb/2026:15:44:31 +0000] \"POST /api/auth/sign-up HTTP/1.1\" 500 429 \"-\" \"PostmanRuntime/7.51.1\"","service":"ms-project","timestamp":"2026-02-02T15:44:31.809Z"}
{"email":"alice3@test.com","level":"info","message":"Creating user","name":"Alice","role":"admin","service":"ms-project","timestamp":"2026-02-02T15:45:34.556Z"}
{"level":"error","message":"Error creating user User with this email already exits","service":"ms-project","stack":"Error: User with this email already exits\n    at createUser (F:\\m_s_p\\src\\services\\auth.service.js:33:19)\n    at process.processTicksAndRejections (node:internal/process/task_queues:105:5)\n    at async exports.signUp (F:\\m_s_p\\src\\controllers\\auth.controller.js:20:25)","timestamp":"2026-02-02T15:45:35.398Z"}
{"level":"error","message":"Error signing up User with this email already exits","service":"ms-project","stack":"Error: User with this email already exits\n    at createUser (F:\\m_s_p\\src\\services\\auth.service.js:33:19)\n    at process.processTicksAndRejections (node:internal/process/task_queues:105:5)\n    at async exports.signUp (F:\\m_s_p\\src\\controllers\\auth.controller.js:20:25)","timestamp":"2026-02-02T15:45:35.401Z"}
{"level":"info","message":"::1 - - [02/Feb/2026:15:45:35 +0000] \"POST /api/auth/sign-up HTTP/1.1\" 409 31 \"-\" \"PostmanRuntime/7.51.1\"","service":"ms-project","timestamp":"2026-02-02T15:45:35.407Z"}
{"email":"alice4@test.com","level":"info","message":"Creating user","name":"Alice","role":"admin","service":"ms-project","timestamp":"2026-02-02T15:45:42.330Z"}
{"level":"info","message":"User created successfully alice4@test.com","service":"ms-project","timestamp":"2026-02-02T15:45:46.118Z"}
{"level":"info","message":"User created successfully","service":"ms-project","timestamp":"2026-02-02T15:45:46.128Z","user":{"createdAt":"2026-02-02T15:45:46.128Z","email":"alice4@test.com","id":4,"name":"Alice","role":"admin","updatedAt":"2026-02-02T15:45:46.128Z"}}
{"level":"info","message":"::1 - - [02/Feb/2026:15:45:46 +0000] \"POST /api/auth/sign-up HTTP/1.1\" 201 314 \"-\" \"PostmanRuntime/7.51.1\"","service":"ms-project","timestamp":"2026-02-02T15:45:46.137Z"}
{"ip":"::1","level":"warn","message":"Bot request blocked","method":"GET","path":"/health","service":"ms-project","timestamp":"2026-02-02T16:15:38.084Z","userAgent":"curl/8.13.0"}
{"level":"info","message":"::1 - - [02/Feb/2026:16:15:38 +0000] \"GET /health HTTP/1.1\" 403 33 \"-\" \"curl/8.13.0\"","service":"ms-project","timestamp":"2026-02-02T16:15:38.162Z"}
{"ip":"::1","level":"warn","message":"Bot request blocked","method":"GET","path":"/health","service":"ms-project","timestamp":"2026-02-02T16:15:39.685Z","userAgent":"curl/8.13.0"}
{"level":"info","message":"::1 - - [02/Feb/2026:16:15:39 +0000] \"GET /health HTTP/1.1\" 403 33 \"-\" \"curl/8.13.0\"","service":"ms-project","timestamp":"2026-02-02T16:15:39.711Z"}
{"ip":"::1","level":"warn","message":"Bot request blocked","method":"GET","path":"/health","service":"ms-project","timestamp":"2026-02-02T16:15:39.839Z","userAgent":"curl/8.13.0"}
{"level":"info","message":"::1 - - [02/Feb/2026:16:15:39 +0000] \"GET /health HTTP/1.1\" 403 33 \"-\" \"curl/8.13.0\"","service":"ms-project","timestamp":"2026-02-02T16:15:39.847Z"}
{"ip":"::1","level":"warn","message":"Bot request blocked","method":"GET","path":"/health","service":"ms-project","timestamp":"2026-02-02T16:15:40.008Z","userAgent":"curl/8.13.0"}
{"level":"info","message":"::1 - - [02/Feb/2026:16:15:40 +0000] \"GET /health HTTP/1.1\" 403 33 \"-\" \"curl/8.13.0\"","service":"ms-project","timestamp":"2026-02-02T16:15:40.025Z"}
{"ip":"::1","level":"warn","message":"Bot request blocked","method":"GET","path":"/health","service":"ms-project","timestamp":"2026-02-02T16:15:40.176Z","userAgent":"curl/8.13.0"}
{"level":"info","message":"::1 - - [02/Feb/2026:16:15:40 +0000] \"GET /health HTTP/1.1\" 403 33 \"-\" \"curl/8.13.0\"","service":"ms-project","timestamp":"2026-02-02T16:15:40.193Z"}
{"ip":"::1","level":"warn","message":"Bot request blocked","method":"GET","path":"/health","service":"ms-project","timestamp":"2026-02-02T16:15:40.284Z","userAgent":"curl/8.13.0"}
{"level":"info","message":"::1 - - [02/Feb/2026:16:15:40 +0000] \"GET /health HTTP/1.1\" 403 33 \"-\" \"curl/8.13.0\"","service":"ms-project","timestamp":"2026-02-02T16:15:40.292Z"}
{"ip":"::1","level":"warn","message":"Bot request blocked","method":"GET","path":"/health","service":"ms-project","timestamp":"2026-02-02T16:15:40.415Z","userAgent":"curl/8.13.0"}
{"level":"info","message":"::1 - - [02/Feb/2026:16:15:40 +0000] \"GET /health HTTP/1.1\" 403 33 \"-\" \"curl/8.13.0\"","service":"ms-project","timestamp":"2026-02-02T16:15:40.428Z"}
{"ip":"::1","level":"warn","message":"Bot request blocked","method":"GET","path":"/health","service":"ms-project","timestamp":"2026-02-02T16:15:40.585Z","userAgent":"curl/8.13.0"}
{"level":"info","message":"::1 - - [02/Feb/2026:16:15:40 +0000] \"GET /health HTTP/1.1\" 403 33 \"-\" \"curl/8.13.0\"","service":"ms-project","timestamp":"2026-02-02T16:15:40.682Z"}
{"ip":"::1","level":"warn","message":"Bot request blocked","method":"GET","path":"/health","service":"ms-project","timestamp":"2026-02-02T16:15:41.035Z","userAgent":"curl/8.13.0"}
{"level":"info","message":"::1 - - [02/Feb/2026:16:15:41 +0000] \"GET /health HTTP/1.1\" 403 33 \"-\" \"curl/8.13.0\"","service":"ms-project","timestamp":"2026-02-02T16:15:41.040Z"}
{"ip":"::1","level":"warn","message":"Bot request blocked","method":"GET","path":"/health","service":"ms-project","timestamp":"2026-02-02T16:15:41.148Z","userAgent":"curl/8.13.0"}
{"level":"info","message":"::1 - - [02/Feb/2026:16:15:41 +0000] \"GET /health HTTP/1.1\" 403 33 \"-\" \"curl/8.13.0\"","service":"ms-project","timestamp":"2026-02-02T16:15:41.152Z"}
{"ip":"::1","level":"warn","message":"Bot request blocked","method":"POST","path":"/api/","service":"ms-project","timestamp":"2026-02-02T16:16:18.718Z","userAgent":"PostmanRuntime/7.51.1"}
{"level":"info","message":"::1 - - [02/Feb/2026:16:16:18 +0000] \"POST /api/ HTTP/1.1\" 403 33 \"-\" \"PostmanRuntime/7.51.1\"","service":"ms-project","timestamp":"2026-02-02T16:16:18.734Z"}
{"ip":"::1","level":"warn","message":"Bot request blocked","method":"GET","path":"/api","service":"ms-project","timestamp":"2026-02-02T16:16:34.847Z","userAgent":"PostmanRuntime/7.51.1"}
{"level":"info","message":"::1 - - [02/Feb/2026:16:16:34 +0000] \"GET /api HTTP/1.1\" 403 33 \"-\" \"PostmanRuntime/7.51.1\"","service":"ms-project","timestamp":"2026-02-02T16:16:34.850Z"}
{"ip":"::1","level":"warn","message":"Bot request blocked","method":"GET","path":"/api","service":"ms-project","timestamp":"2026-02-02T16:16:37.806Z","userAgent":"PostmanRuntime/7.51.1"}
{"level":"info","message":"::1 - - [02/Feb/2026:16:16:37 +0000] \"GET /api HTTP/1.1\" 403 33 \"-\" \"PostmanRuntime/7.51.1\"","service":"ms-project","timestamp":"2026-02-02T16:16:37.894Z"}
{"ip":"::1","level":"warn","message":"Bot request blocked","method":"GET","path":"/api","service":"ms-project","timestamp":"2026-02-02T16:16:39.208Z","userAgent":"PostmanRuntime/7.51.1"}
{"level":"info","message":"::1 - - [02/Feb/2026:16:16:39 +0000] \"GET /api HTTP/1.1\" 403 33 \"-\" \"PostmanRuntime/7.51.1\"","service":"ms-project","timestamp":"2026-02-02T16:16:39.211Z"}
{"ip":"::1","level":"warn","message":"Bot request blocked","method":"POST","path":"/api/auth/sign-up","service":"ms-project","timestamp":"2026-02-02T16:16:53.173Z","userAgent":"PostmanRuntime/7.51.1"}
{"level":"info","message":"::1 - - [02/Feb/2026:16:16:53 +0000] \"POST /api/auth/sign-up HTTP/1.1\" 403 33 \"-\" \"PostmanRuntime/7.51.1\"","service":"ms-project","timestamp":"2026-02-02T16:16:53.335Z"}
{"ip":"::1","level":"warn","message":"Bot request blocked","method":"GET","path":"/health","service":"ms-project","timestamp":"2026-02-02T16:21:50.467Z","userAgent":"PostmanRuntime/7.51.1"}
{"level":"info","message":"::1 - - [02/Feb/2026:16:21:50 +0000] \"GET /health HTTP/1.1\" 403 33 \"-\" \"PostmanRuntime/7.51.1\"","service":"ms-project","timestamp":"2026-02-02T16:21:50.471Z"}
{"ip":"::1","level":"warn","message":"Bot request blocked","method":"GET","path":"/health","service":"ms-project","timestamp":"2026-02-02T16:23:30.345Z","userAgent":"PostmanRuntime/7.51.1"}
{"level":"info","message":"::1 - - [02/Feb/2026:16:23:30 +0000] \"GET /health HTTP/1.1\" 403 33 \"-\" \"PostmanRuntime/7.51.1\"","service":"ms-project","timestamp":"2026-02-02T16:23:30.358Z"}
{"ip":"::1","level":"warn","message":"Bot request blocked","method":"GET","path":"/","service":"ms-project","timestamp":"2026-02-02T16:23:44.348Z","userAgent":"Mozilla/5.0 (Windows NT 10.0; Win64; x64) AppleWebKit/537.36 (KHTML, like Gecko) Chrome/144.0.0.0 Safari/537.36"}
{"level":"info","message":"::1 - - [02/Feb/2026:16:23:44 +0000] \"GET / HTTP/1.1\" 403 33 \"-\" \"Mozilla/5.0 (Windows NT 10.0; Win64; x64) AppleWebKit/537.36 (KHTML, like Gecko) Chrome/144.0.0.0 Safari/537.36\"","service":"ms-project","timestamp":"2026-02-02T16:23:44.468Z"}
{"level":"info","message":"Health check","service":"ms-project","timestamp":"2026-02-02T16:26:48.782Z"}
{"level":"info","message":"::1 - - [02/Feb/2026:16:26:49 +0000] \"GET /health HTTP/1.1\" 200 74 \"-\" \"curl/8.13.0\"","service":"ms-project","timestamp":"2026-02-02T16:26:49.078Z"}
{"level":"info","message":"Health check","service":"ms-project","timestamp":"2026-02-02T16:26:51.295Z"}
{"level":"info","message":"::1 - - [02/Feb/2026:16:26:51 +0000] \"GET /health HTTP/1.1\" 200 74 \"-\" \"PostmanRuntime/7.51.1\"","service":"ms-project","timestamp":"2026-02-02T16:26:51.298Z"}
{"level":"info","message":"Health check","service":"ms-project","timestamp":"2026-02-02T16:26:55.525Z"}
{"level":"info","message":"::1 - - [02/Feb/2026:16:26:55 +0000] \"GET /health HTTP/1.1\" 200 74 \"-\" \"PostmanRuntime/7.51.1\"","service":"ms-project","timestamp":"2026-02-02T16:26:55.551Z"}
{"level":"info","message":"Health check","service":"ms-project","timestamp":"2026-02-02T16:26:57.202Z"}
{"level":"info","message":"::1 - - [02/Feb/2026:16:26:57 +0000] \"GET /health HTTP/1.1\" 200 74 \"-\" \"PostmanRuntime/7.51.1\"","service":"ms-project","timestamp":"2026-02-02T16:26:57.205Z"}
{"level":"info","message":"Health check","service":"ms-project","timestamp":"2026-02-02T16:26:58.969Z"}
{"level":"info","message":"::1 - - [02/Feb/2026:16:26:58 +0000] \"GET /health HTTP/1.1\" 200 74 \"-\" \"PostmanRuntime/7.51.1\"","service":"ms-project","timestamp":"2026-02-02T16:26:58.976Z"}
{"level":"info","message":"Health check","service":"ms-project","timestamp":"2026-02-02T16:27:00.640Z"}
{"level":"info","message":"::1 - - [02/Feb/2026:16:27:00 +0000] \"GET /health HTTP/1.1\" 200 74 \"-\" \"PostmanRuntime/7.51.1\"","service":"ms-project","timestamp":"2026-02-02T16:27:00.643Z"}
{"level":"info","message":"Health check","service":"ms-project","timestamp":"2026-02-02T16:27:02.325Z"}
{"level":"info","message":"::1 - - [02/Feb/2026:16:27:02 +0000] \"GET /health HTTP/1.1\" 200 74 \"-\" \"PostmanRuntime/7.51.1\"","service":"ms-project","timestamp":"2026-02-02T16:27:02.389Z"}
